#
# There is insufficient memory for the Java Runtime Environment to continue.
# Native memory allocation (malloc) failed to allocate 65552 bytes for Chunk::new
# Possible reasons:
#   The system is out of physical RAM or swap space
#   The process is running with CompressedOops enabled, and the Java Heap may be blocking the growth of the native heap
# Possible solutions:
#   Reduce memory load on the system
#   Increase physical memory or swap space
#   Check if swap backing store is full
#   Decrease Java heap size (-Xmx/-Xms)
#   Decrease number of Java threads
#   Decrease Java thread stack sizes (-Xss)
#   Set larger code cache with -XX:ReservedCodeCacheSize=
#   JVM is running with Unscaled Compressed Oops mode in which the Java heap is
#     placed in the first 4GB address space. The Java Heap base address is the
#     maximum limit for the native heap growth. Please use -XX:HeapBaseMinAddress
#     to set the Java Heap base and to place the Java Heap above 4GB virtual address.
# This output file may be truncated or incomplete.
#
#  Out of Memory Error (allocation.cpp:389), pid=68828, tid=0x000000000000b6b4
#
# JRE version: Java(TM) SE Runtime Environment (8.0_231-b11) (build 1.8.0_231-b11)
# Java VM: Java HotSpot(TM) 64-Bit Server VM (25.231-b11 mixed mode windows-amd64 compressed oops)
# Failed to write core dump. Minidumps are not enabled by default on client versions of Windows
#

---------------  T H R E A D  ---------------

Current thread (0x0000000017583800):  JavaThread "C2 CompilerThread0" daemon [_thread_in_native, id=46772, stack(0x0000000018bf0000,0x0000000018cf0000)]

Stack: [0x0000000018bf0000,0x0000000018cf0000]
[error occurred during error reporting (printing stack bounds), id 0xc0000005]

Native frames: (J=compiled Java code, j=interpreted, Vv=VM code, C=native code)


Current CompileTask:
C2:7315066 6422       4       org.springframework.boot.devtools.filewatch.FileSystemWatcher$Watcher::getCurrentSnapshots (63 bytes)


---------------  P R O C E S S  ---------------

Java Threads: ( => current thread )
  0x000000001ad29000 JavaThread "DestroyJavaVM" [_thread_blocked, id=67364, stack(0x0000000002830000,0x0000000002930000)]
  0x000000001ad21800 JavaThread "http-nio-8080-Acceptor" daemon [_thread_in_native, id=58876, stack(0x0000000024d10000,0x0000000024e10000)]
  0x000000001ad28800 JavaThread "http-nio-8080-ClientPoller" daemon [_thread_in_native, id=71540, stack(0x0000000024c10000,0x0000000024d10000)]
  0x000000001ad27800 JavaThread "http-nio-8080-exec-10" daemon [_thread_blocked, id=68948, stack(0x0000000024b10000,0x0000000024c10000)]
  0x000000001ad1e800 JavaThread "http-nio-8080-exec-9" daemon [_thread_blocked, id=3184, stack(0x0000000024a10000,0x0000000024b10000)]
  0x000000001ad25800 JavaThread "http-nio-8080-exec-8" daemon [_thread_blocked, id=9812, stack(0x0000000024910000,0x0000000024a10000)]
  0x000000001ad21000 JavaThread "http-nio-8080-exec-7" daemon [_thread_blocked, id=25204, stack(0x0000000024810000,0x0000000024910000)]
  0x000000001ad24800 JavaThread "http-nio-8080-exec-6" daemon [_thread_blocked, id=39996, stack(0x0000000024710000,0x0000000024810000)]
  0x000000001ad1e000 JavaThread "http-nio-8080-exec-5" daemon [_thread_blocked, id=49680, stack(0x0000000024610000,0x0000000024710000)]
  0x000000001ad24000 JavaThread "http-nio-8080-exec-4" daemon [_thread_blocked, id=26356, stack(0x0000000024510000,0x0000000024610000)]
  0x000000001ad1f800 JavaThread "http-nio-8080-exec-3" daemon [_thread_blocked, id=64460, stack(0x0000000024410000,0x0000000024510000)]
  0x000000001ad22800 JavaThread "http-nio-8080-exec-2" daemon [_thread_blocked, id=49748, stack(0x0000000024310000,0x0000000024410000)]
  0x000000001ad20000 JavaThread "http-nio-8080-exec-1" daemon [_thread_blocked, id=62036, stack(0x0000000024210000,0x0000000024310000)]
  0x0000000019b06000 JavaThread "http-nio-8080-BlockPoller" daemon [_thread_in_native, id=50028, stack(0x0000000022eb0000,0x0000000022fb0000)]
  0x0000000019b05000 JavaThread "File Watcher" daemon [_thread_blocked, id=54124, stack(0x0000000022cb0000,0x0000000022db0000)]
  0x0000000019b04800 JavaThread "Live Reload Server" daemon [_thread_in_native, id=69116, stack(0x00000000229b0000,0x0000000022ab0000)]
  0x0000000019b06800 JavaThread "container-0" [_thread_blocked, id=66088, stack(0x00000000226a0000,0x00000000227a0000)]
  0x0000000019b03800 JavaThread "Catalina-utility-2" [_thread_blocked, id=58988, stack(0x0000000021d70000,0x0000000021e70000)]
  0x0000000019b00800 JavaThread "Catalina-utility-1" [_thread_blocked, id=25076, stack(0x0000000021870000,0x0000000021970000)]
  0x0000000019b07800 JavaThread "HikariPool-1 housekeeper" daemon [_thread_blocked, id=64928, stack(0x0000000021050000,0x0000000021150000)]
  0x0000000019b01800 JavaThread "mysql-cj-abandoned-connection-cleanup" daemon [_thread_blocked, id=55920, stack(0x000000001b000000,0x000000001b100000)]
  0x0000000018f2d000 JavaThread "Service Thread" daemon [_thread_blocked, id=71176, stack(0x00000000192f0000,0x00000000193f0000)]
  0x00000000175b0800 JavaThread "C1 CompilerThread2" daemon [_thread_blocked, id=55096, stack(0x0000000018df0000,0x0000000018ef0000)]
  0x0000000017595800 JavaThread "C2 CompilerThread1" daemon [_thread_in_native, id=66540, stack(0x0000000018cf0000,0x0000000018df0000)]
=>0x0000000017583800 JavaThread "C2 CompilerThread0" daemon [_thread_in_native, id=46772, stack(0x0000000018bf0000,0x0000000018cf0000)]
  0x0000000017582000 JavaThread "Attach Listener" daemon [_thread_blocked, id=46880, stack(0x0000000018af0000,0x0000000018bf0000)]
  0x0000000017580000 JavaThread "Signal Dispatcher" daemon [_thread_blocked, id=23236, stack(0x00000000189f0000,0x0000000018af0000)]
  0x000000001756a000 JavaThread "Finalizer" daemon [_thread_blocked, id=44052, stack(0x00000000187f0000,0x00000000188f0000)]
  0x0000000002a24000 JavaThread "Reference Handler" daemon [_thread_blocked, id=64092, stack(0x00000000186f0000,0x00000000187f0000)]

Other Threads:
  0x0000000017548000 VMThread [stack: 0x00000000185f0000,0x00000000186f0000] [id=68036]
  0x0000000018f69000 WatcherThread [stack: 0x00000000193f0000,0x00000000194f0000] [id=68792]

VM state:not at safepoint (normal execution)

VM Mutex/Monitor currently owned by a thread: None

heap address: 0x0000000081800000, size: 2024 MB, Compressed Oops mode: 32-bit
Narrow klass base: 0x0000000000000000, Narrow klass shift: 3
Compressed class space size: 1073741824 Address: 0x0000000100000000

Heap:
 PSYoungGen      total 387072K, used 241570K [0x00000000d5d80000, 0x00000000ef680000, 0x0000000100000000)
  eden space 374272K, 61% used [0x00000000d5d80000,0x00000000e3d29c48,0x00000000ecb00000)
  from space 12800K, 97% used [0x00000000eea00000,0x00000000ef63eef0,0x00000000ef680000)
  to   space 21504K, 0% used [0x00000000ecc80000,0x00000000ecc80000,0x00000000ee180000)
 ParOldGen       total 126464K, used 25995K [0x0000000081800000, 0x0000000089380000, 0x00000000d5d80000)
  object space 126464K, 20% used [0x0000000081800000,0x0000000083162fe8,0x0000000089380000)
 Metaspace       used 62805K, capacity 66404K, committed 66728K, reserved 1105920K
  class space    used 8709K, capacity 9301K, committed 9384K, reserved 1048576K

Card table byte_map: [0x0000000011df0000,0x00000000121f0000] byte_map_base: 0x00000000119e4000

Marking Bits: (ParMarkBitMap*) 0x0000000061c36d90
 Begin Bits: [0x00000000128a0000, 0x0000000014840000)
 End Bits:   [0x0000000014840000, 0x00000000167e0000)

Polling page: 0x0000000002690000

CodeCache: size=245760Kb used=18499Kb max_used=19662Kb free=227260Kb
 bounds [0x0000000002a30000, 0x0000000003d90000, 0x0000000011a30000]
 total_blobs=5836 nmethods=5287 adapters=460
 compilation: enabled

Compilation events (10 events):
Event: 5829.993 Thread 0x00000000175b0800 nmethod 6414 0x0000000002be8610 code [0x0000000002be8780, 0x0000000002be8990]
Event: 6062.732 Thread 0x0000000017583800 6418       4       org.apache.tomcat.util.net.NioBlockingSelector$BlockPoller::events (54 bytes)
Event: 6062.925 Thread 0x0000000017583800 nmethod 6418 0x0000000003589790 code [0x0000000003589900, 0x0000000003589c18]
Event: 6066.551 Thread 0x0000000017595800 6419   !   4       org.apache.tomcat.util.net.NioEndpoint$Poller::timeout (571 bytes)
Event: 6067.905 Thread 0x0000000017595800 nmethod 6419 0x0000000003a179d0 code [0x0000000003a17c20, 0x0000000003a189f0]
Event: 6265.147 Thread 0x00000000175b0800 6420       3       com.zaxxer.hikari.pool.HikariPool::getIdleConnections (9 bytes)
Event: 6265.147 Thread 0x00000000175b0800 nmethod 6420 0x0000000003cce090 code [0x0000000003cce200, 0x0000000003cce3a8]
Event: 6869.903 Thread 0x00000000175b0800 6421       3       java.util.concurrent.ScheduledThreadPoolExecutor$DelayedWorkQueue::add (9 bytes)
Event: 6869.904 Thread 0x00000000175b0800 nmethod 6421 0x0000000003d5e850 code [0x0000000003d5e9c0, 0x0000000003d5eca8]
Event: 7314.401 Thread 0x0000000017583800 6422       4       org.springframework.boot.devtools.filewatch.FileSystemWatcher$Watcher::getCurrentSnapshots (63 bytes)

GC Heap History (10 events):
Event: 30.605 GC heap before
{Heap before GC invocations=9 (full 2):
 PSYoungGen      total 218112K, used 10676K [0x00000000d5d80000, 0x00000000ead00000, 0x0000000100000000)
  eden space 202240K, 0% used [0x00000000d5d80000,0x00000000d5d80000,0x00000000e2300000)
  from space 15872K, 67% used [0x00000000e2300000,0x00000000e2d6d000,0x00000000e3280000)
  to   space 16384K, 0% used [0x00000000e9d00000,0x00000000e9d00000,0x00000000ead00000)
 ParOldGen       total 61440K, used 15751K [0x0000000081800000, 0x0000000085400000, 0x00000000d5d80000)
  object space 61440K, 25% used [0x0000000081800000,0x0000000082761de0,0x0000000085400000)
 Metaspace       used 33624K, capacity 35456K, committed 35496K, reserved 1079296K
  class space    used 4416K, capacity 4753K, committed 4776K, reserved 1048576K
Event: 30.896 GC heap after
Heap after GC invocations=9 (full 2):
 PSYoungGen      total 218112K, used 0K [0x00000000d5d80000, 0x00000000ead00000, 0x0000000100000000)
  eden space 202240K, 0% used [0x00000000d5d80000,0x00000000d5d80000,0x00000000e2300000)
  from space 15872K, 0% used [0x00000000e2300000,0x00000000e2300000,0x00000000e3280000)
  to   space 16384K, 0% used [0x00000000e9d00000,0x00000000e9d00000,0x00000000ead00000)
 ParOldGen       total 90112K, used 14701K [0x0000000081800000, 0x0000000087000000, 0x00000000d5d80000)
  object space 90112K, 16% used [0x0000000081800000,0x000000008265b480,0x0000000087000000)
 Metaspace       used 33624K, capacity 35456K, committed 35496K, reserved 1079296K
  class space    used 4416K, capacity 4753K, committed 4776K, reserved 1048576K
}
Event: 46.595 GC heap before
{Heap before GC invocations=10 (full 2):
 PSYoungGen      total 218112K, used 202240K [0x00000000d5d80000, 0x00000000ead00000, 0x0000000100000000)
  eden space 202240K, 100% used [0x00000000d5d80000,0x00000000e2300000,0x00000000e2300000)
  from space 15872K, 0% used [0x00000000e2300000,0x00000000e2300000,0x00000000e3280000)
  to   space 16384K, 0% used [0x00000000e9d00000,0x00000000e9d00000,0x00000000ead00000)
 ParOldGen       total 90112K, used 14701K [0x0000000081800000, 0x0000000087000000, 0x00000000d5d80000)
  object space 90112K, 16% used [0x0000000081800000,0x000000008265b480,0x0000000087000000)
 Metaspace       used 53974K, capacity 56714K, committed 56872K, reserved 1097728K
  class space    used 7472K, capacity 7970K, committed 7976K, reserved 1048576K
Event: 46.671 GC heap after
Heap after GC invocations=10 (full 2):
 PSYoungGen      total 312832K, used 16369K [0x00000000d5d80000, 0x00000000ead00000, 0x0000000100000000)
  eden space 296448K, 0% used [0x00000000d5d80000,0x00000000d5d80000,0x00000000e7f00000)
  from space 16384K, 99% used [0x00000000e9d00000,0x00000000eacfc428,0x00000000ead00000)
  to   space 22016K, 0% used [0x00000000e8200000,0x00000000e8200000,0x00000000e9780000)
 ParOldGen       total 90112K, used 22150K [0x0000000081800000, 0x0000000087000000, 0x00000000d5d80000)
  object space 90112K, 24% used [0x0000000081800000,0x0000000082da1a18,0x0000000087000000)
 Metaspace       used 53974K, capacity 56714K, committed 56872K, reserved 1097728K
  class space    used 7472K, capacity 7970K, committed 7976K, reserved 1048576K
}
Event: 48.855 GC heap before
{Heap before GC invocations=11 (full 2):
 PSYoungGen      total 312832K, used 93778K [0x00000000d5d80000, 0x00000000ead00000, 0x0000000100000000)
  eden space 296448K, 26% used [0x00000000d5d80000,0x00000000da918418,0x00000000e7f00000)
  from space 16384K, 99% used [0x00000000e9d00000,0x00000000eacfc428,0x00000000ead00000)
  to   space 22016K, 0% used [0x00000000e8200000,0x00000000e8200000,0x00000000e9780000)
 ParOldGen       total 90112K, used 22150K [0x0000000081800000, 0x0000000087000000, 0x00000000d5d80000)
  object space 90112K, 24% used [0x0000000081800000,0x0000000082da1a18,0x0000000087000000)
 Metaspace       used 56040K, capacity 59070K, committed 59160K, reserved 1099776K
  class space    used 7776K, capacity 8280K, committed 8360K, reserved 1048576K
Event: 48.894 GC heap after
Heap after GC invocations=11 (full 2):
 PSYoungGen      total 321536K, used 12961K [0x00000000d5d80000, 0x00000000eff80000, 0x0000000100000000)
  eden space 299520K, 0% used [0x00000000d5d80000,0x00000000d5d80000,0x00000000e8200000)
  from space 22016K, 58% used [0x00000000e8200000,0x00000000e8ea8690,0x00000000e9780000)
  to   space 22016K, 0% used [0x00000000eea00000,0x00000000eea00000,0x00000000eff80000)
 ParOldGen       total 90112K, used 22150K [0x0000000081800000, 0x0000000087000000, 0x00000000d5d80000)
  object space 90112K, 24% used [0x0000000081800000,0x0000000082da1a18,0x0000000087000000)
 Metaspace       used 56040K, capacity 59070K, committed 59160K, reserved 1099776K
  class space    used 7776K, capacity 8280K, committed 8360K, reserved 1048576K
}
Event: 48.894 GC heap before
{Heap before GC invocations=12 (full 3):
 PSYoungGen      total 321536K, used 12961K [0x00000000d5d80000, 0x00000000eff80000, 0x0000000100000000)
  eden space 299520K, 0% used [0x00000000d5d80000,0x00000000d5d80000,0x00000000e8200000)
  from space 22016K, 58% used [0x00000000e8200000,0x00000000e8ea8690,0x00000000e9780000)
  to   space 22016K, 0% used [0x00000000eea00000,0x00000000eea00000,0x00000000eff80000)
 ParOldGen       total 90112K, used 22150K [0x0000000081800000, 0x0000000087000000, 0x00000000d5d80000)
  object space 90112K, 24% used [0x0000000081800000,0x0000000082da1a18,0x0000000087000000)
 Metaspace       used 56040K, capacity 59070K, committed 59160K, reserved 1099776K
  class space    used 7776K, capacity 8280K, committed 8360K, reserved 1048576K
Event: 49.310 GC heap after
Heap after GC invocations=12 (full 3):
 PSYoungGen      total 321536K, used 0K [0x00000000d5d80000, 0x00000000eff80000, 0x0000000100000000)
  eden space 299520K, 0% used [0x00000000d5d80000,0x00000000d5d80000,0x00000000e8200000)
  from space 22016K, 0% used [0x00000000e8200000,0x00000000e8200000,0x00000000e9780000)
  to   space 22016K, 0% used [0x00000000eea00000,0x00000000eea00000,0x00000000eff80000)
 ParOldGen       total 126464K, used 25987K [0x0000000081800000, 0x0000000089380000, 0x00000000d5d80000)
  object space 126464K, 20% used [0x0000000081800000,0x0000000083160fe8,0x0000000089380000)
 Metaspace       used 56040K, capacity 59070K, committed 59160K, reserved 1099776K
  class space    used 7776K, capacity 8280K, committed 8360K, reserved 1048576K
}
Event: 2067.453 GC heap before
{Heap before GC invocations=13 (full 3):
 PSYoungGen      total 321536K, used 299520K [0x00000000d5d80000, 0x00000000eff80000, 0x0000000100000000)
  eden space 299520K, 100% used [0x00000000d5d80000,0x00000000e8200000,0x00000000e8200000)
  from space 22016K, 0% used [0x00000000e8200000,0x00000000e8200000,0x00000000e9780000)
  to   space 22016K, 0% used [0x00000000eea00000,0x00000000eea00000,0x00000000eff80000)
 ParOldGen       total 126464K, used 25987K [0x0000000081800000, 0x0000000089380000, 0x00000000d5d80000)
  object space 126464K, 20% used [0x0000000081800000,0x0000000083160fe8,0x0000000089380000)
 Metaspace       used 62721K, capacity 66270K, committed 66472K, reserved 1105920K
  class space    used 8709K, capacity 9300K, committed 9384K, reserved 1048576K
Event: 2083.269 GC heap after
Heap after GC invocations=13 (full 3):
 PSYoungGen      total 387072K, used 12539K [0x00000000d5d80000, 0x00000000ef680000, 0x0000000100000000)
  eden space 374272K, 0% used [0x00000000d5d80000,0x00000000d5d80000,0x00000000ecb00000)
  from space 12800K, 97% used [0x00000000eea00000,0x00000000ef63eef0,0x00000000ef680000)
  to   space 21504K, 0% used [0x00000000ecc80000,0x00000000ecc80000,0x00000000ee180000)
 ParOldGen       total 126464K, used 25995K [0x0000000081800000, 0x0000000089380000, 0x00000000d5d80000)
  object space 126464K, 20% used [0x0000000081800000,0x0000000083162fe8,0x0000000089380000)
 Metaspace       used 62721K, capacity 66270K, committed 66472K, reserved 1105920K
  class space    used 8709K, capacity 9300K, committed 9384K, reserved 1048576K
}

Deoptimization events (10 events):
Event: 88.957 Thread 0x000000001ad22800 Uncommon trap: reason=unstable_if action=reinterpret pc=0x0000000002c82d10 method=java.util.Properties$LineReader.readLine()I @ 105
Event: 1156.298 Thread 0x000000001ad1e000 Uncommon trap: reason=bimorphic action=maybe_recompile pc=0x0000000003b24fe8 method=java.util.Collections$UnmodifiableCollection.contains(Ljava/lang/Object;)Z @ 5
Event: 1316.475 Thread 0x0000000019b00800 Uncommon trap: reason=unstable_if action=reinterpret pc=0x0000000003a94608 method=java.util.concurrent.ScheduledThreadPoolExecutor$ScheduledFutureTask.compareTo(Ljava/util/concurrent/Delayed;)I @ 40
Event: 1316.476 Thread 0x0000000019b00800 Uncommon trap: reason=unstable_if action=reinterpret pc=0x0000000003718c48 method=java.util.concurrent.ScheduledThreadPoolExecutor$ScheduledFutureTask.compareTo(Ljava/util/concurrent/Delayed;)I @ 40
Event: 2110.024 Thread 0x000000001ad1e800 Uncommon trap: reason=unstable_if action=reinterpret pc=0x0000000002cfb280 method=java.nio.Buffer.limit(I)Ljava/nio/Buffer; @ 33
Event: 2110.118 Thread 0x000000001ad1e800 Uncommon trap: reason=bimorphic action=maybe_recompile pc=0x0000000003b24fe8 method=java.util.Collections$UnmodifiableCollection.contains(Ljava/lang/Object;)Z @ 5
Event: 2569.896 Thread 0x0000000019b00800 Uncommon trap: reason=unstable_if action=reinterpret pc=0x00000000035969d8 method=java.util.concurrent.locks.LockSupport.unpark(Ljava/lang/Thread;)V @ 1
Event: 3424.266 Thread 0x000000001ad20000 Uncommon trap: reason=bimorphic action=maybe_recompile pc=0x0000000003b24fe8 method=java.util.Collections$UnmodifiableCollection.contains(Ljava/lang/Object;)Z @ 5
Event: 5694.441 Thread 0x0000000019b07800 Uncommon trap: reason=unstable_if action=reinterpret pc=0x0000000002b83398 method=sun.nio.cs.UTF_8$Encoder.encode([CII[B)I @ 33
Event: 6771.940 Thread 0x0000000019b03800 Uncommon trap: reason=unstable_if action=reinterpret pc=0x0000000003d5cdf8 method=java.util.concurrent.locks.AbstractQueuedSynchronizer.acquireQueued(Ljava/util/concurrent/locks/AbstractQueuedSynchronizer$Node;I)Z @ 17

Classes redefined (0 events):
No events

Internal exceptions (10 events):
Event: 85.934 Thread 0x000000001ad20000 Exception <a 'java/lang/ClassNotFoundException': java/lang/ObjectCustomizer> (0x00000000dffaf870) thrown at [C:\re\workspace\8-2-build-windows-amd64-cygwin\jdk8u231\13620\hotspot\src\share\vm\classfile\systemDictionary.cpp, line 210]
Event: 85.946 Thread 0x000000001ad20000 Exception <a 'java/lang/ClassNotFoundException': org/springframework/web/servlet/view/DefaultRequestToViewNameTranslatorCustomizer> (0x00000000dffd2420) thrown at [C:\re\workspace\8-2-build-windows-amd64-cygwin\jdk8u231\13620\hotspot\src\share\vm\classfil
Event: 86.039 Thread 0x000000001ad20000 Exception <a 'java/lang/ClassNotFoundException': org/springframework/web/servlet/RequestToViewNameTranslatorCustomizer> (0x00000000dffff780) thrown at [C:\re\workspace\8-2-build-windows-amd64-cygwin\jdk8u231\13620\hotspot\src\share\vm\classfile\systemDict
Event: 86.065 Thread 0x000000001ad20000 Exception <a 'java/lang/ClassNotFoundException': java/lang/ObjectCustomizer> (0x00000000e0048ba8) thrown at [C:\re\workspace\8-2-build-windows-amd64-cygwin\jdk8u231\13620\hotspot\src\share\vm\classfile\systemDictionary.cpp, line 210]
Event: 86.075 Thread 0x000000001ad20000 Exception <a 'java/lang/ClassNotFoundException': org/springframework/web/servlet/support/AbstractFlashMapManagerCustomizer> (0x00000000e0068e88) thrown at [C:\re\workspace\8-2-build-windows-amd64-cygwin\jdk8u231\13620\hotspot\src\share\vm\classfile\system
Event: 86.128 Thread 0x000000001ad20000 Exception <a 'java/lang/ClassNotFoundException': org/springframework/web/servlet/support/SessionFlashMapManagerCustomizer> (0x00000000e008d0a0) thrown at [C:\re\workspace\8-2-build-windows-amd64-cygwin\jdk8u231\13620\hotspot\src\share\vm\classfile\systemD
Event: 86.146 Thread 0x000000001ad20000 Exception <a 'java/lang/ClassNotFoundException': org/springframework/web/servlet/FlashMapManagerCustomizer> (0x00000000e00a82e0) thrown at [C:\re\workspace\8-2-build-windows-amd64-cygwin\jdk8u231\13620\hotspot\src\share\vm\classfile\systemDictionary.cpp, 
Event: 87.629 Thread 0x000000001ad20000 Exception <a 'java/lang/NoSuchMethodError': java.lang.Object.lambda$mapIfAllPresent$6(Ljava/util/Optional;Ljava/util/function/BiFunction;Ljava/lang/Object;)Ljava/util/Optional;> (0x00000000e0d23840) thrown at [C:\re\workspace\8-2-build-windows-amd64-cygwi
Event: 87.630 Thread 0x000000001ad20000 Exception <a 'java/lang/NoSuchMethodError': java.lang.Object.lambda$null$5(Ljava/util/function/BiFunction;Ljava/lang/Object;Ljava/lang/Object;)Ljava/lang/Object;> (0x00000000e0d28348) thrown at [C:\re\workspace\8-2-build-windows-amd64-cygwin\jdk8u231\1362
Event: 88.957 Thread 0x000000001ad22800 Implicit null exception at 0x0000000002c8236c to 0x0000000002c82ca1

Events (10 events):
Event: 5711.899 Thread 0x000000001ad2c000 Thread exited: 0x000000001ad2c000
Event: 5725.284 Thread 0x00000000175b0800 flushing nmethod 0x0000000003247e50
Event: 5769.973 Thread 0x00000000175b0800 flushing nmethod 0x00000000032a2690
Event: 5770.207 Thread 0x00000000175b0800 flushing nmethod 0x0000000003332fd0
Event: 5829.863 Thread 0x00000000175b0800 flushing nmethod 0x00000000035ab910
Event: 5829.948 Thread 0x00000000175b0800 flushing nmethod 0x00000000035d4950
Event: 6063.016 Thread 0x0000000017583800 flushing nmethod 0x00000000039060d0
Event: 6771.895 Thread 0x0000000019b03800 Uncommon trap: trap_request=0xffffff65 fr.pc=0x0000000003d5cdf8
Event: 6771.940 Thread 0x0000000019b03800 DEOPT PACKING pc=0x0000000003d5cdf8 sp=0x0000000021e6f560
Event: 6771.950 Thread 0x0000000019b03800 DEOPT UNPACKING pc=0x0000000002a7583b sp=0x0000000021e6f2b0 mode 2


Dynamic libraries:
0x00007ff68a1a0000 - 0x00007ff68a1d7000 	C:\Program Files\Java\jre1.8.0_231\bin\javaw.exe
0x00007ffac5e40000 - 0x00007ffac6030000 	C:\WINDOWS\SYSTEM32\ntdll.dll
0x00007ffac5c30000 - 0x00007ffac5ce2000 	C:\WINDOWS\System32\KERNEL32.DLL
0x00007ffac2890000 - 0x00007ffac2b33000 	C:\WINDOWS\System32\KERNELBASE.dll
0x0000000063230000 - 0x00000000632c3000 	C:\WINDOWS\System32\SYSFER.DLL
0x0000000060750000 - 0x0000000060a75000 	C:\ProgramData\Symantec\Symantec Endpoint Protection\14.2.4811.1100.105\Data\Definitions\IPSDefs\20200116.061\IPSEng64.dll
0x00007ffac5cf0000 - 0x00007ffac5d93000 	C:\WINDOWS\System32\ADVAPI32.dll
0x00007ffac3610000 - 0x00007ffac36ae000 	C:\WINDOWS\System32\msvcrt.dll
0x00007ffac36d0000 - 0x00007ffac3767000 	C:\WINDOWS\System32\sechost.dll
0x00007ffac3770000 - 0x00007ffac3890000 	C:\WINDOWS\System32\RPCRT4.dll
0x00007ffac4650000 - 0x00007ffac4658000 	C:\WINDOWS\System32\PSAPI.DLL
0x00007ffac44b0000 - 0x00007ffac4644000 	C:\WINDOWS\System32\USER32.dll
0x00007ffac2730000 - 0x00007ffac2751000 	C:\WINDOWS\System32\win32u.dll
0x00007ffac40a0000 - 0x00007ffac40c6000 	C:\WINDOWS\System32\GDI32.dll
0x00007ffac2590000 - 0x00007ffac2724000 	C:\WINDOWS\System32\gdi32full.dll
0x00007ffac2d40000 - 0x00007ffac2dde000 	C:\WINDOWS\System32\msvcp_win.dll
0x00007ffac2be0000 - 0x00007ffac2cda000 	C:\WINDOWS\System32\ucrtbase.dll
0x00007ffab11b0000 - 0x00007ffab1435000 	C:\WINDOWS\WinSxS\amd64_microsoft.windows.common-controls_6595b64144ccf1df_6.0.18362.535_none_e6c3b34713100821\COMCTL32.dll
0x00007ffac4c40000 - 0x00007ffac4f76000 	C:\WINDOWS\System32\combase.dll
0x00007ffac2760000 - 0x00007ffac27e0000 	C:\WINDOWS\System32\bcryptPrimitives.dll
0x00007ffac3900000 - 0x00007ffac392e000 	C:\WINDOWS\System32\IMM32.DLL
0x0000000068000000 - 0x0000000068066000 	C:\WINDOWS\System32\QIPCAP64.dll
0x00007ffac3930000 - 0x00007ffac4015000 	C:\WINDOWS\System32\SHELL32.dll
0x00007ffac2b60000 - 0x00007ffac2baa000 	C:\WINDOWS\System32\cfgmgr32.dll
0x00007ffac3560000 - 0x00007ffac3609000 	C:\WINDOWS\System32\shcore.dll
0x00007ffac2de0000 - 0x00007ffac355f000 	C:\WINDOWS\System32\windows.storage.dll
0x00007ffac2420000 - 0x00007ffac243f000 	C:\WINDOWS\System32\profapi.dll
0x00007ffac23d0000 - 0x00007ffac241a000 	C:\WINDOWS\System32\powrprof.dll
0x00007ffac2380000 - 0x00007ffac2390000 	C:\WINDOWS\System32\UMPDC.dll
0x00007ffac52d0000 - 0x00007ffac5322000 	C:\WINDOWS\System32\shlwapi.dll
0x00007ffac23b0000 - 0x00007ffac23c1000 	C:\WINDOWS\System32\kernel.appcore.dll
0x00007ffac2b40000 - 0x00007ffac2b57000 	C:\WINDOWS\System32\cryptsp.dll
0x00007ffabe9c0000 - 0x00007ffabe9e2000 	C:\WINDOWS\SYSTEM32\MAPI32.dll
0x00007ffac4660000 - 0x00007ffac47b6000 	C:\WINDOWS\System32\ole32.dll
0x00007ffac1950000 - 0x00007ffac1a1a000 	C:\WINDOWS\SYSTEM32\DNSAPI.dll
0x00007ffac3890000 - 0x00007ffac38ff000 	C:\WINDOWS\System32\WS2_32.dll
0x00007ffac47c0000 - 0x00007ffac47c8000 	C:\WINDOWS\System32\NSI.dll
0x00007ffac1900000 - 0x00007ffac193a000 	C:\WINDOWS\SYSTEM32\IPHLPAPI.DLL
0x0000000060670000 - 0x0000000060742000 	C:\Program Files\Java\jre1.8.0_231\bin\msvcr100.dll
0x0000000061410000 - 0x0000000061cb6000 	C:\Program Files\Java\jre1.8.0_231\bin\server\jvm.dll
0x00007ffab1ef0000 - 0x00007ffab1ef9000 	C:\WINDOWS\SYSTEM32\WSOCK32.dll
0x00007ffabebb0000 - 0x00007ffabebd4000 	C:\WINDOWS\SYSTEM32\WINMM.dll
0x00007ffab8000000 - 0x00007ffab800a000 	C:\WINDOWS\SYSTEM32\VERSION.dll
0x00007ffabeb60000 - 0x00007ffabeb8d000 	C:\WINDOWS\SYSTEM32\WINMMBASE.dll
0x00007ffa8d6c0000 - 0x00007ffa8d6cf000 	C:\Program Files\Java\jre1.8.0_231\bin\verify.dll
0x00007ffa80c10000 - 0x00007ffa80c39000 	C:\Program Files\Java\jre1.8.0_231\bin\java.dll
0x00007ffa89650000 - 0x00007ffa89666000 	C:\Program Files\Java\jre1.8.0_231\bin\zip.dll
0x00007ffaab7e0000 - 0x00007ffaab7ed000 	C:\Program Files\Java\jre1.8.0_231\bin\management.dll
0x00007ffa88a80000 - 0x00007ffa88a9a000 	C:\Program Files\Java\jre1.8.0_231\bin\net.dll
0x00007ffac1bf0000 - 0x00007ffac1c57000 	C:\WINDOWS\system32\mswsock.dll
0x00007ffaab890000 - 0x00007ffaab8a6000 	C:\WINDOWS\system32\napinsp.dll
0x00007ffaab870000 - 0x00007ffaab88a000 	C:\WINDOWS\system32\pnrpnsp.dll
0x00007ffaab860000 - 0x00007ffaab86e000 	C:\WINDOWS\System32\winrnr.dll
0x00007ffabee90000 - 0x00007ffabeeac000 	C:\WINDOWS\system32\NLAapi.dll
0x00007ffaab840000 - 0x00007ffaab855000 	C:\WINDOWS\system32\wshbth.dll
0x00007ffab6400000 - 0x00007ffab640a000 	C:\Windows\System32\rasadhlp.dll
0x00007ffab7730000 - 0x00007ffab77a7000 	C:\WINDOWS\System32\fwpuclnt.dll
0x00007ffac2bb0000 - 0x00007ffac2bd6000 	C:\WINDOWS\System32\bcrypt.dll
0x00007ffa80bf0000 - 0x00007ffa80c02000 	C:\Program Files\Java\jre1.8.0_231\bin\nio.dll
0x00007ffac1760000 - 0x00007ffac1793000 	C:\WINDOWS\system32\rsaenh.dll
0x00007ffac2270000 - 0x00007ffac2295000 	C:\WINDOWS\SYSTEM32\USERENV.dll
0x00007ffac1dc0000 - 0x00007ffac1dcc000 	C:\WINDOWS\SYSTEM32\CRYPTBASE.dll
0x00007ffab7cc0000 - 0x00007ffab7cd6000 	C:\WINDOWS\SYSTEM32\dhcpcsvc6.DLL
0x00007ffab8a00000 - 0x00007ffab8a1c000 	C:\WINDOWS\SYSTEM32\dhcpcsvc.DLL

VM Arguments:
jvm_args: -Dfile.encoding=UTF-8 
java_command: com.epic.epictenet.EpictenetApplication
java_class_path (initial): C:\Users\Hp\git\epictenet\epictenet\target\classes;C:\Users\Hp\.m2\repository\org\springframework\boot\spring-boot-starter-data-jpa\2.2.2.RELEASE\spring-boot-starter-data-jpa-2.2.2.RELEASE.jar;C:\Users\Hp\.m2\repository\org\springframework\boot\spring-boot-starter-aop\2.2.2.RELEASE\spring-boot-starter-aop-2.2.2.RELEASE.jar;C:\Users\Hp\.m2\repository\org\aspectj\aspectjweaver\1.9.5\aspectjweaver-1.9.5.jar;C:\Users\Hp\.m2\repository\org\springframework\boot\spring-boot-starter-jdbc\2.2.2.RELEASE\spring-boot-starter-jdbc-2.2.2.RELEASE.jar;C:\Users\Hp\.m2\repository\com\zaxxer\HikariCP\3.4.1\HikariCP-3.4.1.jar;C:\Users\Hp\.m2\repository\org\springframework\spring-jdbc\5.2.2.RELEASE\spring-jdbc-5.2.2.RELEASE.jar;C:\Users\Hp\.m2\repository\jakarta\activation\jakarta.activation-api\1.2.1\jakarta.activation-api-1.2.1.jar;C:\Users\Hp\.m2\repository\jakarta\persistence\jakarta.persistence-api\2.2.3\jakarta.persistence-api-2.2.3.jar;C:\Users\Hp\.m2\repository\jakarta\transaction\jakarta.transaction-api\1.3.3\jakarta.transaction-api-1.3.3.jar;C:\Users\Hp\.m2\repository\org\hibernate\hibernate-core\5.4.9.Final\hibernate-core-5.4.9.Final.jar;C:\Users\Hp\.m2\repository\org\jboss\logging\jboss-logging\3.4.1.Final\jboss-logging-3.4.1.Final.jar;C:\Users\Hp\.m2\repository\org\javassist\javassist\3.24.0-GA\javassist-3.24.0-GA.jar;C:\Users\Hp\.m2\repository\net\bytebuddy\byte-buddy\1.10.4\byte-buddy-1.10.4.jar;C:\Users\Hp\.m2\repository\antlr\antlr\2.7.7\antlr-2.7.7.jar;C:\Users\Hp\.m2\repository\org\jboss\jandex\2.1.1.Final\jandex-2.1.1.Final.jar;C:\Users\Hp\.m2\repository\com\fasterxml\classmate\1.5.1\classmate-1.5.1.jar;C:\Users\Hp\.m2\repository\org\dom4j\dom4j\2.1.1\dom4j-2.1.1.jar;C:\Users\Hp\.m2\repository\org\hibernate\common\hibernate-commons-annotations\5.1.0.Final\hibernate-commons-annotations-5.1.0.Final.jar;C:\Users\Hp\.m2\repository\org\glassfish\jaxb\jaxb-runtime\2.3.2\jaxb-runtime-2.3.2.jar;C:\Users\Hp\.m2\repository\org\glassfish\jaxb\txw2\2
Launcher Type: SUN_STANDARD

Environment Variables:
JAVA_HOME=C:\Program Files\Java\jdk1.7.0_79
JRE_HOME=C:\Program Files\Java\jre7
PATH=C:/Program Files/Java/jre1.8.0_231/bin/server;C:/Program Files/Java/jre1.8.0_231/bin;C:/Program Files/Java/jre1.8.0_231/lib/amd64;C:\Program Files (x86)\Common Files\Oracle\Java\javapath;C:\WINDOWS\system32;C:\WINDOWS;C:\WINDOWS\System32\Wbem;C:\WINDOWS\System32\WindowsPowerShell\v1.0\;C:\Program Files (x86)\PuTTY\;C:\Program Files\Java\jdk1.7.0_79\bin;C:\Bitnami\odoo-12.0.20190218-0\python;C:\WINDOWS\System32\OpenSSH\;C:\Program Files\nodejs\;;C:\Users\Hp\AppData\Local\Programs\Microsoft VS Code\bin;C:\Users\Hp\AppData\Local\Microsoft\WindowsApps;C:\Users\Hp\AppData\Roaming\npm;C:\Users\Hp\Desktop\python\eclipse;
USERNAME=Hp
OS=Windows_NT
PROCESSOR_IDENTIFIER=Intel64 Family 6 Model 60 Stepping 3, GenuineIntel



---------------  S Y S T E M  ---------------

OS: Windows 10.0 , 64 bit Build 18362 (10.0.18362.329)

CPU:total 4 (initial active 4) (2 cores per cpu, 2 threads per core) family 6 model 60 stepping 3, cmov, cx8, fxsr, mmx, sse, sse2, sse3, ssse3, sse4.1, sse4.2, popcnt, avx, avx2, aes, clmul, erms, lzcnt, ht, tsc, tscinvbit, bmi1, bmi2

Memory: 4k page, physical 8283244k(1420852k free), swap 33449068k(0k free)

vm_info: Java HotSpot(TM) 64-Bit Server VM (25.231-b11) for windows-amd64 JRE (1.8.0_231-b11), built on Oct  5 2019 03:11:30 by "java_re" with MS VC++ 10.0 (VS2010)

time: Fri Jan 17 20:11:52 2020
timezone: India Standard Time
elapsed time: 7315 seconds (0d 2h 1m 55s)

